
###############################################
5146( Submit By : Sandeep) At (11/15/2023 2:18:40 PM)
SaleOrderV7_Config{RI)
Invalid object name 'VCloud_SystemRegistry_VToolV1_ModuleRenderInfo'.
###############################################
5148( Submit By : Sandeep) At (11/15/2023 2:22:30 PM)
SaleOrderV7_Config{RI)
Invalid object name 'VCloud_SystemRegistry_VToolV1_ModuleRenderInfo'.
###############################################
5150( Submit By : Sandeep) At (11/15/2023 2:39:02 PM)
SaleOrderV7_Config{RI)
Invalid object name 'VCloud_SystemRegistry_VToolV1_ModuleRenderInfo'.
###############################################
5152( Submit By : Sandeep) At (11/15/2023 2:45:20 PM)
SaleOrderV7_Config{RI)
Invalid object name 'VCloud_SystemRegistry_VToolV1_ModuleRenderInfo'.
###############################################
5155( Submit By : Sandeep) At (11/15/2023 2:48:56 PM)
SaleOrderV7_Config{RI)
Invalid object name 'VCloud_SystemRegistry_VToolV1_ModuleRenderInfo'.
###############################################
5156( Submit By : Sandeep) At (11/15/2023 2:53:56 PM)
SaleOrderV7_Config{RI)
Invalid object name 'VCloud_SystemRegistry_VToolV1_ModuleRenderInfo'.
###############################################
5158( Submit By : Sandeep) At (11/15/2023 3:04:23 PM)
SaleOrderV7_Config{RI)
Invalid object name 'VCloud_SystemRegistry_VToolV1_ModuleRenderInfo'.
###############################################
5159( Submit By : Sandeep) At (11/15/2023 3:09:59 PM)
SaleOrderV7_Config{RI)
Invalid object name 'VCloud_SystemRegistry_VToolV1_ModuleRenderInfo'.
###############################################
5161( Submit By : Sandeep) At (11/15/2023 3:18:56 PM)
SaleOrderV7_Config{RI)
Invalid object name 'VCloud_SystemRegistry_VToolV1_ModuleRenderInfo'.
###############################################
5164( Submit By : Sandeep) At (11/15/2023 3:38:30 PM)
SaleOrderV7_Config{RI)
Invalid object name 'VCloud_SystemRegistry_VToolV1_ModuleRenderInfo'.
###############################################
5166( Submit By : Sandeep) At (11/15/2023 3:51:06 PM)
SaleOrderV7_Config{RI)
Invalid object name 'VCloud_SystemRegistry_VToolV1_ModuleRenderInfo'.
###############################################
5168( Submit By : Sandeep) At (11/15/2023 4:02:41 PM)
SaleOrderV7_Config{RI)
Invalid object name 'VCloud_SystemRegistry_VToolV1_ModuleRenderInfo'.
###############################################
5169( Submit By : Sandeep) At (11/15/2023 4:03:08 PM)
SaleOrderV7_Config{RI)
Invalid object name 'VCloud_SystemRegistry_VToolV1_ModuleRenderInfo'.
###############################################
5170( Submit By : Sandeep) At (11/15/2023 4:05:23 PM)
SaleOrderV7_Config{RI)
Invalid object name 'VCloud_SystemRegistry_VToolV1_ModuleRenderInfo'.
###############################################
5177( Submit By : Sandeep) At (11/15/2023 5:02:35 PM)
VCloud_View_Post_InfoPool_SaleOrder_From_SaleOrderV7_1{V)
Invalid object name 'dbo.EmsNet_Dbase_SaleOrderV7'.
###############################################
5179( Submit By : Sandeep) At (11/15/2023 5:06:27 PM)
SaleOrderV7_Config{RI)
Invalid object name 'VCloud_SystemRegistry_VToolV1_ModuleRenderInfo'.