
###############################################
5036( Submit By : Sandeep) At (11/11/2023 11:15:29 AM)
PurchaseOrderV8_Config{RI)
Execution Timeout Expired.  The timeout period elapsed prior to completion of the operation or the server is not responding.
The statement has been terminated.
###############################################
5037( Submit By : rahul) At (11/11/2023 11:21:35 AM)
VCloud_Proc_CheckLock_EmployeeMaster{P)
Execution Timeout Expired.  The timeout period elapsed prior to completion of the operation or the server is not responding.
###############################################
5038( Submit By : bhavya) At (11/11/2023 11:22:40 AM)
EmsNet_Proc_NestingProductionReportV7_Details_QtyReject_Validation{P)
Execution Timeout Expired.  The timeout period elapsed prior to completion of the operation or the server is not responding.
###############################################
5039( Submit By : Sandeep) At (11/11/2023 11:26:31 AM)
PurchaseOrderV8_Config{RI)
Execution Timeout Expired.  The timeout period elapsed prior to completion of the operation or the server is not responding.
The statement has been terminated.
###############################################
5040( Submit By : Sandeep) At (11/11/2023 11:33:11 AM)
EmsNet_Dbase_PurchaseOrderV8{U)
Execution Timeout Expired.  The timeout period elapsed prior to completion of the operation or the server is not responding.