
###############################################
5210( Submit By : Sandeep) At (11/16/2023 12:03:28 PM)
SaleOrderV7_Config{RI)
Execution Timeout Expired.  The timeout period elapsed prior to completion of the operation or the server is not responding.
Operation cancelled by user.
The statement has been terminated.
###############################################
5211( Submit By : Sandeep) At (11/16/2023 12:06:59 PM)
SaleOrderV7_Config{RI)
Execution Timeout Expired.  The timeout period elapsed prior to completion of the operation or the server is not responding.
Operation cancelled by user.
The statement has been terminated.
###############################################
5212( Submit By : rahul) At (11/16/2023 12:07:31 PM)
VCloud_Proc_CheckLock_ProductMasters{P)
Execution Timeout Expired.  The timeout period elapsed prior to completion of the operation or the server is not responding.
Operation cancelled by user.
###############################################
5213( Submit By : bhavya) At (11/16/2023 12:10:13 PM)
EmsNet_Proc_PFDV7_Scrap_Button_Close_BeforeExecute{P)
Execution Timeout Expired.  The timeout period elapsed prior to completion of the operation or the server is not responding.
Operation cancelled by user.
###############################################
5214( Submit By : bhavya) At (11/16/2023 12:10:13 PM)
EmsNet_Proc_PFDV7_Scrap_OperationScrapQtyGen_Validation{P)
Execution Timeout Expired.  The timeout period elapsed prior to completion of the operation or the server is not responding.
Operation cancelled by user.
###############################################
5215( Submit By : bhavya) At (11/16/2023 12:10:37 PM)
PFDV7_Config{RI)
Execution Timeout Expired.  The timeout period elapsed prior to completion of the operation or the server is not responding.
Operation cancelled by user.
The statement has been terminated.
###############################################
5219( Submit By : Sandeep) At (11/16/2023 12:19:44 PM)
SaleOrderV7_Config{RI)
Transaction (Process ID 72) was deadlocked on lock resources with another process and has been chosen as the deadlock victim. Rerun the transaction.