
###############################################
6621( Submit By : sumit) At (30.11.2023 1:13:16 PM)
NestingRouteCardV7_Config{RI)
Invalid object name 'VCloud_SystemRegistry_VToolV1_ModuleRenderInfo'.
###############################################
6622( Submit By : sumit) At (30.11.2023 1:13:30 PM)
NestingRouteCardV7_DataConfig{DC)
Invalid object name 'VCloud_SystemRegistry_ConfigPanelInfo'.
###############################################
6626( Submit By : sumit) At (30.11.2023 1:19:09 PM)
NestingRouteCardV7_Config{RI)
Invalid object name 'VCloud_SystemRegistry_VToolV1_ModuleRenderInfo'.
###############################################
6627( Submit By : sumit) At (30.11.2023 1:19:19 PM)
NestingRouteCardV7_DataConfig{DC)
Invalid object name 'VCloud_SystemRegistry_ConfigPanelInfo'.
###############################################
6631( Submit By : sumit) At (30.11.2023 1:29:05 PM)
NestingRouteCardV7_DataConfig{DC)
Invalid object name 'VCloud_SystemRegistry_ConfigPanelInfo'.